/!\ FAILSAFE /!\  2010-06-18 15:23:23 -0300
  Status: 500 Internal Server Error
  Access denied for user 'root'@'localhost' (using password: NO)
    /var/lib/gems/1.9.1/gems/activerecord-2.3.8/lib/active_record/connection_adapters/mysql_adapter.rb:619:in `real_connect'
    /var/lib/gems/1.9.1/gems/activerecord-2.3.8/lib/active_record/connection_adapters/mysql_adapter.rb:619:in `connect'
    /var/lib/gems/1.9.1/gems/activerecord-2.3.8/lib/active_record/connection_adapters/mysql_adapter.rb:203:in `initialize'
    /var/lib/gems/1.9.1/gems/activerecord-2.3.8/lib/active_record/connection_adapters/mysql_adapter.rb:75:in `new'
    /var/lib/gems/1.9.1/gems/activerecord-2.3.8/lib/active_record/connection_adapters/mysql_adapter.rb:75:in `mysql_connection'
    /var/lib/gems/1.9.1/gems/activerecord-2.3.8/lib/active_record/connection_adapters/abstract/connection_pool.rb:223:in `new_connection'
    /var/lib/gems/1.9.1/gems/activerecord-2.3.8/lib/active_record/connection_adapters/abstract/connection_pool.rb:245:in `checkout_new_connection'
    /var/lib/gems/1.9.1/gems/activerecord-2.3.8/lib/active_record/connection_adapters/abstract/connection_pool.rb:188:in `block (2 levels) in checkout'
    /var/lib/gems/1.9.1/gems/activerecord-2.3.8/lib/active_record/connection_adapters/abstract/connection_pool.rb:184:in `loop'
    /var/lib/gems/1.9.1/gems/activerecord-2.3.8/lib/active_record/connection_adapters/abstract/connection_pool.rb:184:in `block in checkout'
    /usr/lib/ruby/1.9.1/monitor.rb:190:in `mon_synchronize'
    /var/lib/gems/1.9.1/gems/activerecord-2.3.8/lib/active_record/connection_adapters/abstract/connection_pool.rb:183:in `checkout'
    /var/lib/gems/1.9.1/gems/activerecord-2.3.8/lib/active_record/connection_adapters/abstract/connection_pool.rb:98:in `connection'
    /var/lib/gems/1.9.1/gems/activerecord-2.3.8/lib/active_record/connection_adapters/abstract/connection_pool.rb:326:in `retrieve_connection'
    /var/lib/gems/1.9.1/gems/activerecord-2.3.8/lib/active_record/connection_adapters/abstract/connection_specification.rb:123:in `retrieve_connection'
    /var/lib/gems/1.9.1/gems/activerecord-2.3.8/lib/active_record/connection_adapters/abstract/connection_specification.rb:115:in `connection'
    /var/lib/gems/1.9.1/gems/activerecord-2.3.8/lib/active_record/query_cache.rb:9:in `cache'
    /var/lib/gems/1.9.1/gems/activerecord-2.3.8/lib/active_record/query_cache.rb:28:in `call'
    /var/lib/gems/1.9.1/gems/activerecord-2.3.8/lib/active_record/connection_adapters/abstract/connection_pool.rb:361:in `call'
    /var/lib/gems/1.9.1/gems/actionpack-2.3.8/lib/action_controller/string_coercion.rb:25:in `call'
    /var/lib/gems/1.9.1/gems/rack-1.1.0/lib/rack/head.rb:9:in `call'
    /var/lib/gems/1.9.1/gems/rack-1.1.0/lib/rack/methodoverride.rb:24:in `call'
    /var/lib/gems/1.9.1/gems/actionpack-2.3.8/lib/action_controller/params_parser.rb:15:in `call'
    /var/lib/gems/1.9.1/gems/actionpack-2.3.8/lib/action_controller/session/cookie_store.rb:99:in `call'
    /var/lib/gems/1.9.1/gems/actionpack-2.3.8/lib/action_controller/failsafe.rb:26:in `call'
    /var/lib/gems/1.9.1/gems/rack-1.1.0/lib/rack/lock.rb:11:in `block in call'
    <internal:prelude>:8:in `synchronize'
    /var/lib/gems/1.9.1/gems/rack-1.1.0/lib/rack/lock.rb:11:in `call'
    /var/lib/gems/1.9.1/gems/actionpack-2.3.8/lib/action_controller/dispatcher.rb:114:in `block in call'
    /var/lib/gems/1.9.1/gems/actionpack-2.3.8/lib/action_controller/reloader.rb:34:in `run'
    /var/lib/gems/1.9.1/gems/actionpack-2.3.8/lib/action_controller/dispatcher.rb:108:in `call'
    /var/lib/gems/1.9.1/gems/rails-2.3.8/lib/rails/rack/static.rb:31:in `call'
    /var/lib/gems/1.9.1/gems/rack-1.1.0/lib/rack/urlmap.rb:47:in `block in call'
    /var/lib/gems/1.9.1/gems/rack-1.1.0/lib/rack/urlmap.rb:41:in `each'
    /var/lib/gems/1.9.1/gems/rack-1.1.0/lib/rack/urlmap.rb:41:in `call'
    /var/lib/gems/1.9.1/gems/rails-2.3.8/lib/rails/rack/log_tailer.rb:17:in `call'
    /var/lib/gems/1.9.1/gems/rack-1.1.0/lib/rack/content_length.rb:13:in `call'
    /var/lib/gems/1.9.1/gems/rack-1.1.0/lib/rack/handler/webrick.rb:48:in `service'
    /usr/lib/ruby/1.9.1/webrick/httpserver.rb:111:in `service'
    /usr/lib/ruby/1.9.1/webrick/httpserver.rb:70:in `run'
    /usr/lib/ruby/1.9.1/webrick/server.rb:183:in `block in start_thread'
  [4;36;1mSQL (0.1ms)[0m   [0;1mSET NAMES 'utf8'[0m
  [4;35;1mSQL (0.1ms)[0m   [0mSET SQL_AUTO_IS_NULL=0[0m
  [4;36;1mSQL (0.2ms)[0m   [0;1mSHOW TABLES[0m
  [4;35;1mSQL (83.4ms)[0m   [0mCREATE TABLE `schema_migrations` (`version` varchar(255) NOT NULL) ENGINE=InnoDB[0m
  [4;36;1mSQL (0.5ms)[0m   [0;1mSHOW KEYS FROM `schema_migrations`[0m
  [4;35;1mSQL (134.8ms)[0m   [0mCREATE UNIQUE INDEX `unique_schema_migrations` ON `schema_migrations` (`version`)[0m
  [4;36;1mSQL (0.4ms)[0m   [0;1mSHOW TABLES[0m
  [4;35;1mSQL (0.3ms)[0m   [0mSHOW TABLES[0m
  [4;36;1mSQL (0.4ms)[0m   [0;1mSELECT version FROM schema_migrations[0m
  [4;35;1mSQL (0.1ms)[0m   [0mSHOW TABLES[0m
  [4;36;1mSQL (0.1ms)[0m   [0;1mSET NAMES 'utf8'[0m
  [4;35;1mSQL (0.1ms)[0m   [0mSET SQL_AUTO_IS_NULL=0[0m


Processing Rails::InfoController#properties (for 127.0.0.1 at 2010-06-18 15:24:48) [GET]
  [4;36;1mSQL (0.3ms)[0m   [0;1mSHOW TABLES[0m
  [4;35;1mSQL (0.7ms)[0m   [0mSELECT version FROM schema_migrations[0m
Completed in 70ms (View: 10, DB: 1) | 200 OK [http://localhost/rails/info/properties]
  [4;36;1mSQL (0.1ms)[0m   [0;1mSET NAMES 'utf8'[0m
  [4;35;1mSQL (0.1ms)[0m   [0mSET SQL_AUTO_IS_NULL=0[0m


Processing PagesController#home (for 127.0.0.1 at 2010-06-18 15:24:58) [GET]
Rendering pages/home
Completed in 40ms (View: 39, DB: 0) | 200 OK [http://localhost/pages/home]
  [4;36;1mSQL (0.1ms)[0m   [0;1mSET NAMES 'utf8'[0m
  [4;35;1mSQL (0.1ms)[0m   [0mSET SQL_AUTO_IS_NULL=0[0m


Processing PagesController#home (for 127.0.0.1 at 2010-06-18 15:43:33) [GET]
Rendering pages/home
Completed in 13ms (View: 11, DB: 0) | 200 OK [http://localhost/pages/home]
  [4;36;1mSQL (0.1ms)[0m   [0;1mSET NAMES 'utf8'[0m
  [4;35;1mSQL (0.1ms)[0m   [0mSET SQL_AUTO_IS_NULL=0[0m


Processing PagesController#home (for 127.0.0.1 at 2010-06-18 15:43:33) [GET]
Rendering pages/home
Completed in 2ms (View: 1, DB: 0) | 200 OK [http://localhost/pages/home]
  [4;36;1mSQL (0.1ms)[0m   [0;1mSET NAMES 'utf8'[0m
  [4;35;1mSQL (0.1ms)[0m   [0mSET SQL_AUTO_IS_NULL=0[0m


Processing PagesController#home (for 127.0.0.1 at 2010-06-18 15:46:49) [GET]
Rendering pages/home
Completed in 12ms (View: 11, DB: 0) | 200 OK [http://localhost/pages/home]
  [4;36;1mSQL (0.1ms)[0m   [0;1mSET NAMES 'utf8'[0m
  [4;35;1mSQL (0.1ms)[0m   [0mSET SQL_AUTO_IS_NULL=0[0m


Processing PagesController#home (for 127.0.0.1 at 2010-06-18 15:56:38) [GET]
Rendering pages/home
Completed in 10ms (View: 9, DB: 0) | 200 OK [http://localhost/pages/home]
  [4;36;1mSQL (0.1ms)[0m   [0;1mSET NAMES 'utf8'[0m
  [4;35;1mSQL (0.1ms)[0m   [0mSET SQL_AUTO_IS_NULL=0[0m


Processing PagesController#home (for 127.0.0.1 at 2010-06-18 15:56:39) [GET]
Rendering pages/home
Completed in 2ms (View: 1, DB: 0) | 200 OK [http://localhost/pages/home]
  [4;36;1mSQL (0.1ms)[0m   [0;1mSET NAMES 'utf8'[0m
  [4;35;1mSQL (0.1ms)[0m   [0mSET SQL_AUTO_IS_NULL=0[0m


Processing PagesController#home (for 127.0.0.1 at 2010-06-18 15:56:40) [GET]
Rendering pages/home
Completed in 2ms (View: 1, DB: 0) | 200 OK [http://localhost/pages/home]
  [4;36;1mSQL (0.1ms)[0m   [0;1mSET NAMES 'utf8'[0m
  [4;35;1mSQL (0.1ms)[0m   [0mSET SQL_AUTO_IS_NULL=0[0m


Processing PagesController#about (for 127.0.0.1 at 2010-06-18 15:56:44) [GET]
Rendering pages/about
Completed in 10ms (View: 9, DB: 0) | 200 OK [http://localhost/pages/about]
  [4;36;1mSQL (0.1ms)[0m   [0;1mSET NAMES 'utf8'[0m
  [4;35;1mSQL (0.1ms)[0m   [0mSET SQL_AUTO_IS_NULL=0[0m


Processing PagesController#home (for 127.0.0.1 at 2010-06-18 16:17:50) [GET]
Rendering template within layouts/application
Rendering pages/home
Completed in 22ms (View: 21, DB: 0) | 200 OK [http://localhost/pages/home]
  [4;36;1mSQL (0.1ms)[0m   [0;1mSET NAMES 'utf8'[0m
  [4;35;1mSQL (0.1ms)[0m   [0mSET SQL_AUTO_IS_NULL=0[0m


Processing ApplicationController#index (for 127.0.0.1 at 2010-06-18 16:17:50) [GET]

ActionController::RoutingError (No route matches "/stylesheets/bluprint/screen.css" with {:method=>:get}):
  <internal:prelude>:8:in `synchronize'
  /usr/lib/ruby/1.9.1/webrick/httpserver.rb:111:in `service'
  /usr/lib/ruby/1.9.1/webrick/httpserver.rb:70:in `run'
  /usr/lib/ruby/1.9.1/webrick/server.rb:183:in `block in start_thread'

Rendering rescues/layout (not_found)
  [4;36;1mSQL (0.1ms)[0m   [0;1mSET NAMES 'utf8'[0m
  [4;35;1mSQL (0.1ms)[0m   [0mSET SQL_AUTO_IS_NULL=0[0m


Processing ApplicationController#index (for 127.0.0.1 at 2010-06-18 16:17:50) [GET]

ActionController::RoutingError (No route matches "/stylesheets/bluprint/print.css" with {:method=>:get}):
  <internal:prelude>:8:in `synchronize'
  /usr/lib/ruby/1.9.1/webrick/httpserver.rb:111:in `service'
  /usr/lib/ruby/1.9.1/webrick/httpserver.rb:70:in `run'
  /usr/lib/ruby/1.9.1/webrick/server.rb:183:in `block in start_thread'

Rendering rescues/layout (not_found)
  [4;36;1mSQL (0.1ms)[0m   [0;1mSET NAMES 'utf8'[0m
  [4;35;1mSQL (2.4ms)[0m   [0mSET SQL_AUTO_IS_NULL=0[0m


Processing PagesController#home (for 127.0.0.1 at 2010-06-18 16:17:51) [GET]
Rendering template within layouts/application
Rendering pages/home
Completed in 3ms (View: 1, DB: 3) | 200 OK [http://localhost/pages/home]
  [4;36;1mSQL (0.2ms)[0m   [0;1mSET NAMES 'utf8'[0m
  [4;35;1mSQL (0.1ms)[0m   [0mSET SQL_AUTO_IS_NULL=0[0m


Processing ApplicationController#index (for 127.0.0.1 at 2010-06-18 16:17:51) [GET]

ActionController::RoutingError (No route matches "/stylesheets/bluprint/screen.css" with {:method=>:get}):
  <internal:prelude>:8:in `synchronize'
  /usr/lib/ruby/1.9.1/webrick/httpserver.rb:111:in `service'
  /usr/lib/ruby/1.9.1/webrick/httpserver.rb:70:in `run'
  /usr/lib/ruby/1.9.1/webrick/server.rb:183:in `block in start_thread'

Rendering rescues/layout (not_found)
  [4;36;1mSQL (0.1ms)[0m   [0;1mSET NAMES 'utf8'[0m
  [4;35;1mSQL (0.2ms)[0m   [0mSET SQL_AUTO_IS_NULL=0[0m


Processing ApplicationController#index (for 127.0.0.1 at 2010-06-18 16:17:51) [GET]

ActionController::RoutingError (No route matches "/stylesheets/bluprint/print.css" with {:method=>:get}):
  <internal:prelude>:8:in `synchronize'
  /usr/lib/ruby/1.9.1/webrick/httpserver.rb:111:in `service'
  /usr/lib/ruby/1.9.1/webrick/httpserver.rb:70:in `run'
  /usr/lib/ruby/1.9.1/webrick/server.rb:183:in `block in start_thread'

Rendering rescues/layout (not_found)
  [4;36;1mSQL (3.1ms)[0m   [0;1mSET NAMES 'utf8'[0m
  [4;35;1mSQL (0.1ms)[0m   [0mSET SQL_AUTO_IS_NULL=0[0m


Processing PagesController#home (for 127.0.0.1 at 2010-06-18 16:18:02) [GET]
Rendering template within layouts/application
Rendering pages/home
Completed in 15ms (View: 13, DB: 3) | 200 OK [http://localhost/pages/home]
  [4;36;1mSQL (0.1ms)[0m   [0;1mSET NAMES 'utf8'[0m
  [4;35;1mSQL (0.1ms)[0m   [0mSET SQL_AUTO_IS_NULL=0[0m


Processing PagesController#home (for 127.0.0.1 at 2010-06-18 16:18:03) [GET]
Rendering template within layouts/application
Rendering pages/home
Completed in 3ms (View: 1, DB: 0) | 200 OK [http://localhost/pages/home]
  [4;36;1mSQL (0.1ms)[0m   [0;1mSET NAMES 'utf8'[0m
  [4;35;1mSQL (0.1ms)[0m   [0mSET SQL_AUTO_IS_NULL=0[0m


Processing PagesController#contact (for 127.0.0.1 at 2010-06-18 16:18:06) [GET]
Rendering template within layouts/application
Rendering pages/contact
Completed in 11ms (View: 10, DB: 0) | 200 OK [http://localhost/pages/contact]
  [4;36;1mSQL (0.1ms)[0m   [0;1mSET NAMES 'utf8'[0m
  [4;35;1mSQL (0.1ms)[0m   [0mSET SQL_AUTO_IS_NULL=0[0m


Processing PagesController#help (for 127.0.0.1 at 2010-06-18 16:18:10) [GET]
Rendering template within layouts/application
Rendering pages/help
Completed in 11ms (View: 10, DB: 0) | 200 OK [http://localhost/pages/help]
